<?xml version="1.0" encoding="UTF-8"?>
<!-- Generated by org.testng.reporters.JUnitReportReporter -->
<testsuite hostname="DESKTOP-1KMNSM7" failures="0" tests="4" name="parameterization.NormalDataProvider" time="30.013" errors="0" timestamp="2024-05-10T00:20:13 IST" skipped="0">
  <testcase classname="parameterization.NormalDataProvider" name="dataProvider" time="7.126"/>
  <testcase classname="parameterization.NormalDataProvider" name="dataProvider" time="9.373"/>
  <testcase classname="parameterization.NormalDataProvider" name="dataProvider" time="6.681"/>
  <testcase classname="parameterization.NormalDataProvider" name="dataProvider" time="6.833"/>
</testsuite> <!-- parameterization.NormalDataProvider -->
